#
# A fatal error has been detected by the Java Runtime Environment:
#
#  SIGBUS (0x7) at pc=0x00007fb98a8ed710, pid=5431, tid=140434882373376
#
# JRE version:  (8.0_65-b17) (build )
# Java VM: Java HotSpot(TM) 64-Bit Server VM (25.65-b01 mixed mode linux-amd64 compressed oops)
# Problematic frame:
# C  [libc.so.6+0x85710]  memset+0xa0
#
# Failed to write core dump. Core dumps have been disabled. To enable core dumping, try "ulimit -c unlimited" before starting Java again
#
# If you would like to submit a bug report, please visit:
#   http://bugreport.java.com/bugreport/crash.jsp
#

---------------  T H R E A D  ---------------

Current thread is native thread

siginfo: si_signo: 7 (SIGBUS), si_code: 2 (BUS_ADRERR), si_addr: 0x00007fb98b36c000

Registers:
RAX=0x00007fb98b368000, RBX=0x0000000000000001, RCX=0x00007fb98b36c000, RDX=0x00007fb98b370000
RSP=0x00007fb98b471a08, RBP=0x00007fb98b471be0, RSI=0x0000000000000000, RDI=0x00007fb98b368000
R8 =0x0000000000000005, R9 =0x0000000000000000, R10=0x0000000000000001, R11=0x0000000000000000
R12=0x00007fb98b368000, R13=0x0000000000000005, R14=0x0000000000000ef7, R15=0x00007fb9840073e0
RIP=0x00007fb98a8ed710, EFLAGS=0x0000000000010206, CSGSFS=0x0000000000000033, ERR=0x0000000000000006
  TRAPNO=0x000000000000000e

Top of Stack: (sp=0x00007fb98b471a08)
0x00007fb98b471a08:   00007fb98a1e676a 0000000000000000
0x00007fb98b471a18:   00007fb98b471a60 00007fb98b471ba8
0x00007fb98b471a28:   0000000000008000 00007fb9840073b0
0x00007fb98b471a38:   00007fb984007390 00007fb984009910
0x00007fb98b471a48:   00007fb984009930 000000030000000a
0x00007fb98b471a58:   00007fb9840073c8 0000000000000801
0x00007fb98b471a68:   0000000000000040 0000000000000001
0x00007fb98b471a78:   000003e800008180 00000000000003e8
0x00007fb98b471a88:   0000000000000000 0000000000000000
0x00007fb98b471a98:   0000000000000400 0000000000000000
0x00007fb98b471aa8:   0000000056310fea 0000000000000000
0x00007fb98b471ab8:   0000000056310fea 0000000000000000
0x00007fb98b471ac8:   0000000056310fea 0000000000000000
0x00007fb98b471ad8:   0000000000000000 0000000000000000
0x00007fb98b471ae8:   0000000000000000 0000000000000000
0x00007fb98b471af8:   0000000000000000 0000000000000000
0x00007fb98b471b08:   0000000000000000 00007fb900000000
0x00007fb98b471b18:   00007fb984000020 0000000000000000
0x00007fb98b471b28:   0000000000000000 0000000000000000
0x00007fb98b471b38:   0000000000000000 00007fb900000000
0x00007fb98b471b48:   00007fb98a8e4070 0000000000000000
0x00007fb98b471b58:   0000000000000000 0000000000000000
0x00007fb98b471b68:   0000000000000000 0000000700000000
0x00007fb98b471b78:   00007fb98b471bd0 0000000000000020
0x00007fb98b471b88:   00007fb98b471bd0 0000000000000020
0x00007fb98b471b98:   0000000000000000 00007fb98b471bc0
0x00007fb98b471ba8:   0000000000000000 00007fb98b471bd0
0x00007fb98b471bb8:   00007fb98b471ef0 00007fb98b471e5f
0x00007fb98b471bc8:   0000000000000000 00007fb98b471ef0
0x00007fb98b471bd8:   00007fb98b472700 00007fb98b471c30
0x00007fb98b471be8:   00007fb98a1e5564 00007fb900000000
0x00007fb98b471bf8:   00007fb98a160ddf 00007fb98b471ef0 

Instructions: (pc=0x00007fb98a8ed710)
0x00007fb98a8ed6f0:   0f 7f 47 30 f3 44 0f 7f 44 17 c0 48 01 fa 48 83
0x00007fb98a8ed700:   e2 c0 48 39 d1 74 a3 66 0f 1f 84 00 00 00 00 00
0x00007fb98a8ed710:   66 44 0f 7f 01 66 44 0f 7f 41 10 66 44 0f 7f 41
0x00007fb98a8ed720:   20 66 44 0f 7f 41 30 48 83 c1 40 48 39 ca 75 e0 

Stack: [0x00007fb98b372000,0x00007fb98b473000],  sp=0x00007fb98b471a08,  free space=1022k
Native frames: (J=compiled Java code, j=interpreted, Vv=VM code, C=native code)
C  [libc.so.6+0x85710]  memset+0xa0
V  [libjvm.so+0x95d564]
V  [libjvm.so+0xa6666d]
V  [libjvm.so+0x6ccd34]  JNI_CreateJavaVM+0x74
C  [libjli.so+0x745e]


---------------  P R O C E S S  ---------------

VM state:not at safepoint (not fully initialized)

VM Mutex/Monitor currently owned by a thread: None

Deoptimization events (0 events):
No events

Internal exceptions (0 events):
No events

Events (0 events):
No events


Dynamic libraries:
00400000-00401000 r-xp 00000000 08:04 948406                             /usr/lib/jvm/jdk-8-oracle-x64/bin/java
00600000-00601000 rw-p 00000000 08:04 948406                             /usr/lib/jvm/jdk-8-oracle-x64/bin/java
006a8000-006c9000 rw-p 00000000 00:00 0                                  [heap]
7fb984000000-7fb984021000 rw-p 00000000 00:00 0 
7fb984021000-7fb988000000 ---p 00000000 00:00 0 
7fb9886f8000-7fb988703000 r-xp 00000000 08:04 130834                     /lib/x86_64-linux-gnu/libnss_files-2.19.so
7fb988703000-7fb988902000 ---p 0000b000 08:04 130834                     /lib/x86_64-linux-gnu/libnss_files-2.19.so
7fb988902000-7fb988903000 r--p 0000a000 08:04 130834                     /lib/x86_64-linux-gnu/libnss_files-2.19.so
7fb988903000-7fb988904000 rw-p 0000b000 08:04 130834                     /lib/x86_64-linux-gnu/libnss_files-2.19.so
7fb988908000-7fb988912000 r-xp 00000000 08:04 130836                     /lib/x86_64-linux-gnu/libnss_nis-2.19.so
7fb988912000-7fb988b11000 ---p 0000a000 08:04 130836                     /lib/x86_64-linux-gnu/libnss_nis-2.19.so
7fb988b11000-7fb988b12000 r--p 00009000 08:04 130836                     /lib/x86_64-linux-gnu/libnss_nis-2.19.so
7fb988b12000-7fb988b13000 rw-p 0000a000 08:04 130836                     /lib/x86_64-linux-gnu/libnss_nis-2.19.so
7fb988b18000-7fb988b2d000 r-xp 00000000 08:04 130831                     /lib/x86_64-linux-gnu/libnsl-2.19.so
7fb988b2d000-7fb988d2c000 ---p 00015000 08:04 130831                     /lib/x86_64-linux-gnu/libnsl-2.19.so
7fb988d2c000-7fb988d2d000 r--p 00014000 08:04 130831                     /lib/x86_64-linux-gnu/libnsl-2.19.so
7fb988d2d000-7fb988d2e000 rw-p 00015000 08:04 130831                     /lib/x86_64-linux-gnu/libnsl-2.19.so
7fb988d2e000-7fb988d30000 rw-p 00000000 00:00 0 
7fb988d30000-7fb988d37000 r-xp 00000000 08:04 130832                     /lib/x86_64-linux-gnu/libnss_compat-2.19.so
7fb988d37000-7fb988f36000 ---p 00007000 08:04 130832                     /lib/x86_64-linux-gnu/libnss_compat-2.19.so
7fb988f36000-7fb988f37000 r--p 00006000 08:04 130832                     /lib/x86_64-linux-gnu/libnss_compat-2.19.so
7fb988f37000-7fb988f38000 rw-p 00007000 08:04 130832                     /lib/x86_64-linux-gnu/libnss_compat-2.19.so
7fb988f38000-7fb988f62000 r-xp 00000000 08:04 1070048                    /usr/lib/jvm/jdk-8-oracle-x64/jre/lib/amd64/libjava.so
7fb988f62000-7fb989162000 ---p 0002a000 08:04 1070048                    /usr/lib/jvm/jdk-8-oracle-x64/jre/lib/amd64/libjava.so
7fb989162000-7fb989164000 rw-p 0002a000 08:04 1070048                    /usr/lib/jvm/jdk-8-oracle-x64/jre/lib/amd64/libjava.so
7fb989168000-7fb989175000 r-xp 00000000 08:04 1070067                    /usr/lib/jvm/jdk-8-oracle-x64/jre/lib/amd64/libverify.so
7fb989175000-7fb989375000 ---p 0000d000 08:04 1070067                    /usr/lib/jvm/jdk-8-oracle-x64/jre/lib/amd64/libverify.so
7fb989375000-7fb989377000 rw-p 0000d000 08:04 1070067                    /usr/lib/jvm/jdk-8-oracle-x64/jre/lib/amd64/libverify.so
7fb989378000-7fb98937f000 r-xp 00000000 08:04 130840                     /lib/x86_64-linux-gnu/librt-2.19.so
7fb98937f000-7fb98957e000 ---p 00007000 08:04 130840                     /lib/x86_64-linux-gnu/librt-2.19.so
7fb98957e000-7fb98957f000 r--p 00006000 08:04 130840                     /lib/x86_64-linux-gnu/librt-2.19.so
7fb98957f000-7fb989580000 rw-p 00007000 08:04 130840                     /lib/x86_64-linux-gnu/librt-2.19.so
7fb989580000-7fb989680000 r-xp 00000000 08:04 130829                     /lib/x86_64-linux-gnu/libm-2.19.so
7fb989680000-7fb98987f000 ---p 00100000 08:04 130829                     /lib/x86_64-linux-gnu/libm-2.19.so
7fb98987f000-7fb989880000 r--p 000ff000 08:04 130829                     /lib/x86_64-linux-gnu/libm-2.19.so
7fb989880000-7fb989881000 rw-p 00100000 08:04 130829                     /lib/x86_64-linux-gnu/libm-2.19.so
7fb989888000-7fb98a546000 r-xp 00000000 08:04 1070066                    /usr/lib/jvm/jdk-8-oracle-x64/jre/lib/amd64/server/libjvm.so
7fb98a546000-7fb98a745000 ---p 00cbe000 08:04 1070066                    /usr/lib/jvm/jdk-8-oracle-x64/jre/lib/amd64/server/libjvm.so
7fb98a745000-7fb98a81d000 rw-p 00cbd000 08:04 1070066                    /usr/lib/jvm/jdk-8-oracle-x64/jre/lib/amd64/server/libjvm.so
7fb98a81d000-7fb98a862000 rw-p 00000000 00:00 0 
7fb98a868000-7fb98aa07000 r-xp 00000000 08:04 130825                     /lib/x86_64-linux-gnu/libc-2.19.so
7fb98aa07000-7fb98ac07000 ---p 0019f000 08:04 130825                     /lib/x86_64-linux-gnu/libc-2.19.so
7fb98ac07000-7fb98ac0b000 r--p 0019f000 08:04 130825                     /lib/x86_64-linux-gnu/libc-2.19.so
7fb98ac0b000-7fb98ac0d000 rw-p 001a3000 08:04 130825                     /lib/x86_64-linux-gnu/libc-2.19.so
7fb98ac0d000-7fb98ac11000 rw-p 00000000 00:00 0 
7fb98ac18000-7fb98ac1b000 r-xp 00000000 08:04 130828                     /lib/x86_64-linux-gnu/libdl-2.19.so
7fb98ac1b000-7fb98ae1a000 ---p 00003000 08:04 130828                     /lib/x86_64-linux-gnu/libdl-2.19.so
7fb98ae1a000-7fb98ae1b000 r--p 00002000 08:04 130828                     /lib/x86_64-linux-gnu/libdl-2.19.so
7fb98ae1b000-7fb98ae1c000 rw-p 00003000 08:04 130828                     /lib/x86_64-linux-gnu/libdl-2.19.so
7fb98ae20000-7fb98ae35000 r-xp 00000000 08:04 282247                     /usr/lib/jvm/jdk-8-oracle-x64/lib/amd64/jli/libjli.so
7fb98ae35000-7fb98b035000 ---p 00015000 08:04 282247                     /usr/lib/jvm/jdk-8-oracle-x64/lib/amd64/jli/libjli.so
7fb98b035000-7fb98b036000 rw-p 00015000 08:04 282247                     /usr/lib/jvm/jdk-8-oracle-x64/lib/amd64/jli/libjli.so
7fb98b038000-7fb98b050000 r-xp 00000000 08:04 130820                     /lib/x86_64-linux-gnu/libpthread-2.19.so
7fb98b050000-7fb98b24f000 ---p 00018000 08:04 130820                     /lib/x86_64-linux-gnu/libpthread-2.19.so
7fb98b24f000-7fb98b250000 r--p 00017000 08:04 130820                     /lib/x86_64-linux-gnu/libpthread-2.19.so
7fb98b250000-7fb98b251000 rw-p 00018000 08:04 130820                     /lib/x86_64-linux-gnu/libpthread-2.19.so
7fb98b251000-7fb98b255000 rw-p 00000000 00:00 0 
7fb98b258000-7fb98b278000 r-xp 00000000 08:04 130822                     /lib/x86_64-linux-gnu/ld-2.19.so
7fb98b366000-7fb98b368000 rw-p 00000000 00:00 0 
7fb98b368000-7fb98b370000 rw-s 00000000 08:01 64                         /tmp/hsperfdata_antonio/5431
7fb98b370000-7fb98b371000 rw-p 00000000 00:00 0 
7fb98b371000-7fb98b372000 r--p 00000000 00:00 0 
7fb98b372000-7fb98b373000 ---p 00000000 00:00 0 
7fb98b373000-7fb98b478000 rw-p 00000000 00:00 0                          [stack:5433]
7fb98b478000-7fb98b479000 r--p 00020000 08:04 130822                     /lib/x86_64-linux-gnu/ld-2.19.so
7fb98b479000-7fb98b47a000 rw-p 00021000 08:04 130822                     /lib/x86_64-linux-gnu/ld-2.19.so
7fb98b47a000-7fb98b47c000 rw-p 00000000 00:00 0 
7ffd616e5000-7ffd61706000 rw-p 00000000 00:00 0                          [stack]
7ffd61778000-7ffd6177a000 r-xp 00000000 00:00 0                          [vdso]
7ffd6177a000-7ffd6177c000 r--p 00000000 00:00 0                          [vvar]
ffffffffff600000-ffffffffff601000 r-xp 00000000 00:00 0                  [vsyscall]

VM Arguments:
jvm_args: -Dclassworlds.conf=/home/antonio/netbeans-8.0.2/java/maven/bin/m2.conf -Dmaven.home=/home/antonio/netbeans-8.0.2/java/maven 
java_command: org.codehaus.plexus.classworlds.launcher.Launcher -Dmaven.ext.class.path=/home/antonio/netbeans-8.0.2/java/maven-nblib/netbeans-eventspy.jar clean install
java_class_path (initial): /home/antonio/netbeans-8.0.2/java/maven/boot/plexus-classworlds-2.4.jar
Launcher Type: SUN_STANDARD

Environment Variables:
JAVA_HOME=/usr/lib/jvm/jdk-8-oracle-x64
PATH=/usr/local/bin:/usr/bin:/bin:/usr/local/games:/usr/games
LD_LIBRARY_PATH=/usr/lib/jvm/jdk-8-oracle-x64/jre/lib/amd64:/usr/lib/jvm/jdk-8-oracle-x64/jre/lib/i386:
SHELL=/bin/bash
DISPLAY=:0

Signal Handlers:
SIGSEGV: [libjvm.so+0xaba070], sa_mask[0]=11111111011111111101111111111110, sa_flags=SA_RESTART|SA_SIGINFO
SIGBUS: [libjvm.so+0xaba070], sa_mask[0]=11111111011111111101111111111110, sa_flags=SA_RESTART|SA_SIGINFO
SIGFPE: [libjvm.so+0x917630], sa_mask[0]=11111111011111111101111111111110, sa_flags=SA_RESTART|SA_SIGINFO
SIGPIPE: [libjvm.so+0x917630], sa_mask[0]=11111111011111111101111111111110, sa_flags=SA_RESTART|SA_SIGINFO
SIGXFSZ: [libjvm.so+0x917630], sa_mask[0]=11111111011111111101111111111110, sa_flags=SA_RESTART|SA_SIGINFO
SIGILL: [libjvm.so+0x917630], sa_mask[0]=11111111011111111101111111111110, sa_flags=SA_RESTART|SA_SIGINFO
SIGUSR1: SIG_DFL, sa_mask[0]=00000000000000000000000000000000, sa_flags=none
SIGUSR2: [libjvm.so+0x918c60], sa_mask[0]=00100000000000000000000000000000, sa_flags=SA_RESTART|SA_SIGINFO
SIGHUP: SIG_DFL, sa_mask[0]=00000000000000000000000000000000, sa_flags=none
SIGINT: SIG_IGN, sa_mask[0]=00000000000000000000000000000000, sa_flags=none
SIGTERM: SIG_DFL, sa_mask[0]=00000000000000000000000000000000, sa_flags=none
SIGQUIT: SIG_DFL, sa_mask[0]=00000000000000000000000000000000, sa_flags=none


---------------  S Y S T E M  ---------------

OS:PRETTY_NAME="Debian GNU/Linux 8 (jessie)"
NAME="Debian GNU/Linux"
VERSION_ID="8"
VERSION="8 (jessie)"
ID=debian
HOME_URL="http://www.debian.org/"
SUPPORT_URL="http://www.debian.org/support/"
BUG_REPORT_URL="https://bugs.debian.org/"

uname:Linux 3.16.0-4-amd64 #1 SMP Debian 3.16.7-ckt11-1+deb8u5 (2015-10-09) x86_64
libc:glibc 2.19 NPTL 2.19 
rlimit: STACK 8192k, CORE 0k, NPROC 31102, NOFILE 65536, AS infinity
load average:0.42 0.82 0.84

/proc/meminfo:
MemTotal:        8162020 kB
MemFree:         3421692 kB
MemAvailable:    5522048 kB
Buffers:          108152 kB
Cached:          2105928 kB
SwapCached:            0 kB
Active:          3338076 kB
Inactive:        1078104 kB
Active(anon):    2204312 kB
Inactive(anon):    35276 kB
Active(file):    1133764 kB
Inactive(file):  1042828 kB
Unevictable:           0 kB
Mlocked:               0 kB
SwapTotal:        976892 kB
SwapFree:         976892 kB
Dirty:               364 kB
Writeback:             0 kB
AnonPages:       2202108 kB
Mapped:           341124 kB
Shmem:             37496 kB
Slab:             220000 kB
SReclaimable:     177168 kB
SUnreclaim:        42832 kB
KernelStack:        7712 kB
PageTables:        39496 kB
NFS_Unstable:          0 kB
Bounce:                0 kB
WritebackTmp:          0 kB
CommitLimit:     5057900 kB
Committed_AS:    4441764 kB
VmallocTotal:   34359738367 kB
VmallocUsed:      302128 kB
VmallocChunk:   34359401800 kB
HardwareCorrupted:     0 kB
AnonHugePages:         0 kB
HugePages_Total:       0
HugePages_Free:        0
HugePages_Rsvd:        0
HugePages_Surp:        0
Hugepagesize:       2048 kB
DirectMap4k:       60484 kB
DirectMap2M:     4098048 kB
DirectMap1G:     4194304 kB


CPU:total 4 

/proc/cpuinfo:
processor	: 0
vendor_id	: AuthenticAMD
cpu family	: 21
model		: 2
model name	: AMD FX(tm)-4300 Quad-Core Processor
stepping	: 0
microcode	: 0x600081f
cpu MHz		: 3800.000
cache size	: 2048 KB
physical id	: 0
siblings	: 4
core id		: 0
cpu cores	: 2
apicid		: 16
initial apicid	: 0
fpu		: yes
fpu_exception	: yes
cpuid level	: 13
wp		: yes
flags		: fpu vme de pse tsc msr pae mce cx8 apic sep mtrr pge mca cmov pat pse36 clflush mmx fxsr sse sse2 ht syscall nx mmxext fxsr_opt pdpe1gb rdtscp lm constant_tsc rep_good nopl nonstop_tsc extd_apicid aperfmperf pni pclmulqdq monitor ssse3 fma cx16 sse4_1 sse4_2 popcnt aes xsave avx f16c lahf_lm cmp_legacy svm extapic cr8_legacy abm sse4a misalignsse 3dnowprefetch osvw ibs xop skinit wdt lwp fma4 tce nodeid_msr tbm topoext perfctr_core perfctr_nb arat cpb hw_pstate npt lbrv svm_lock nrip_save tsc_scale vmcb_clean flushbyasid decodeassists pausefilter pfthreshold vmmcall bmi1
bogomips	: 7635.02
TLB size	: 1536 4K pages
clflush size	: 64
cache_alignment	: 64
address sizes	: 48 bits physical, 48 bits virtual
power management: ts ttp tm 100mhzsteps hwpstate cpb eff_freq_ro

processor	: 1
vendor_id	: AuthenticAMD
cpu family	: 21
model		: 2
model name	: AMD FX(tm)-4300 Quad-Core Processor            
stepping	: 0
microcode	: 0x600081f
cpu MHz		: 3800.000
cache size	: 2048 KB
physical id	: 0
siblings	: 4
core id		: 1
cpu cores	: 2
apicid		: 17
initial apicid	: 1
fpu		: yes
fpu_exception	: yes
cpuid level	: 13
wp		: yes
flags		: fpu vme de pse tsc msr pae mce cx8 apic sep mtrr pge mca cmov pat pse36 clflush mmx fxsr sse sse2 ht syscall nx mmxext fxsr_opt pdpe1gb rdtscp lm constant_tsc rep_good nopl nonstop_tsc extd_apicid aperfmperf pni pclmulqdq monitor ssse3 fma cx16 sse4_1 sse4_2 popcnt aes xsave avx f16c lahf_lm cmp_legacy svm extapic cr8_legacy abm sse4a misalignsse 3dnowprefetch osvw ibs xop skinit wdt lwp fma4 tce nodeid_msr tbm topoext perfctr_core perfctr_nb arat cpb hw_pstate npt lbrv svm_lock nrip_save tsc_scale vmcb_clean flushbyasid decodeassists pausefilter pfthreshold vmmcall bmi1
bogomips	: 7635.02
TLB size	: 1536 4K pages
clflush size	: 64
cache_alignment	: 64
address sizes	: 48 bits physical, 48 bits virtual
power management: ts ttp tm 100mhzsteps hwpstate cpb eff_freq_ro

processor	: 2
vendor_id	: AuthenticAMD
cpu family	: 21
model		: 2
model name	: AMD FX(tm)-4300 Quad-Core Processor            
stepping	: 0
microcode	: 0x600081f
cpu MHz		: 3400.000
cache size	: 2048 KB
physical id	: 0
siblings	: 4
core id		: 2
cpu cores	: 2
apicid		: 18
initial apicid	: 2
fpu		: yes
fpu_exception	: yes
cpuid level	: 13
wp		: yes
flags		: fpu vme de pse tsc msr pae mce cx8 apic sep mtrr pge mca cmov pat pse36 clflush mmx fxsr sse sse2 ht syscall nx mmxext fxsr_opt pdpe1gb rdtscp lm constant_tsc rep_good nopl nonstop_tsc extd_apicid aperfmperf pni pclmulqdq monitor ssse3 fma cx16 sse4_1 sse4_2 popcnt aes xsave avx f16c lahf_lm cmp_legacy svm extapic cr8_legacy abm sse4a misalignsse 3dnowprefetch osvw ibs xop skinit wdt lwp fma4 tce nodeid_msr tbm topoext perfctr_core perfctr_nb arat cpb hw_pstate npt lbrv svm_lock nrip_save tsc_scale vmcb_clean flushbyasid decodeassists pausefilter pfthreshold vmmcall bmi1
bogomips	: 7635.02
TLB size	: 1536 4K pages
clflush size	: 64
cache_alignment	: 64
address sizes	: 48 bits physical, 48 bits virtual
power management: ts ttp tm 100mhzsteps hwpstate cpb eff_freq_ro

processor	: 3
vendor_id	: AuthenticAMD
cpu family	: 21
model		: 2
model name	: AMD FX(tm)-4300 Quad-Core Processor            
stepping	: 0
microcode	: 0x600081f
cpu MHz		: 2600.000
cache size	: 2048 KB
physical id	: 0
siblings	: 4
core id		: 3
cpu cores	: 2
apicid		: 19
initial apicid	: 3
fpu		: yes
fpu_exception	: yes
cpuid level	: 13
wp		: yes
flags		: fpu vme de pse tsc msr pae mce cx8 apic sep mtrr pge mca cmov pat pse36 clflush mmx fxsr sse sse2 ht syscall nx mmxext fxsr_opt pdpe1gb rdtscp lm constant_tsc rep_good nopl nonstop_tsc extd_apicid aperfmperf pni pclmulqdq monitor ssse3 fma cx16 sse4_1 sse4_2 popcnt aes xsave avx f16c lahf_lm cmp_legacy svm extapic cr8_legacy abm sse4a misalignsse 3dnowprefetch osvw ibs xop skinit wdt lwp fma4 tce nodeid_msr tbm topoext perfctr_core perfctr_nb arat cpb hw_pstate npt lbrv svm_lock nrip_save tsc_scale vmcb_clean flushbyasid decodeassists pausefilter pfthreshold vmmcall bmi1
bogomips	: 7635.02
TLB size	: 1536 4K pages
clflush size	: 64
cache_alignment	: 64
address sizes	: 48 bits physical, 48 bits virtual
power management: ts ttp tm 100mhzsteps hwpstate cpb eff_freq_ro



Memory: 4k page, physical 8162020k(3421692k free), swap 976892k(976892k free)

vm_info: Java HotSpot(TM) 64-Bit Server VM (25.65-b01) for linux-amd64 JRE (1.8.0_65-b17), built on Oct  6 2015 17:16:12 by "java_re" with gcc 4.3.0 20080428 (Red Hat 4.3.0-8)

time: Wed Oct 28 12:11:54 2015
elapsed time: 0 seconds (0d 0h 0m 0s)

